<?xml version="1.0" encoding="UTF-8"?>
<beans xmlns="http://www.springframework.org/schema/beans" xmlns:xsi="http://www.w3.org/2001/XMLSchema-instance"
  xmlns:p="http://www.springframework.org/schema/p"
  xmlns:context="http://www.springframework.org/schema/context"
  xmlns:jdbc="http://www.springframework.org/schema/jdbc"
  xmlns:tx="http://www.springframework.org/schema/tx"
  xsi:schemaLocation=" http://www.springframework.org/schema/beans 
  					   http://www.springframework.org/schema/beans/spring-beans.xsd
   					   http://www.springframework.org/schema/context 
   					   http://www.springframework.org/schema/context/spring-context.xsd
   					   http://www.springframework.org/schema/jdbc 
   					   http://www.springframework.org/schema/jdbc/spring-jdbc.xsd
   					   http://www.springframework.org/schema/tx 
   					   http://www.springframework.org/schema/tx/spring-tx.xsd">
   
 <context:property-placeholder location="classpath:jdbc.properties"/>
 <context:property-placeholder location="classpath:images.properties"/>
 
 <context:annotation-config/>
 
 <tx:annotation-driven/>
 
 
 <bean id="dataSource" class="org.apache.commons.dbcp.BasicDataSource" 
 	   destroy-method="close"
       p:driverClassName="com.mysql.jdbc.Driver" 
       p:url="jdbc:mysql://localhost:3306/fixeala"
       p:username="root" 
       p:password="coripel"/>
       
 <bean id="sessionFactoryTest" class="org.springframework.orm.hibernate3.annotation.AnnotationSessionFactoryBean">
 	<property name="dataSource" ref="dataSource" />
  	<property name="configLocation">
   		<value>classpath:hibernate.cfg.xml</value>
  	</property>
  	<property name="configurationClass">
   		<value>org.hibernate.cfg.AnnotationConfiguration</value>
  	</property>
  	<property name="hibernateProperties">
   		<props>    		
    		<prop key="hibernate.show_sql">true</prop>
    		<prop key="hibernate.dialect">${jdbc.dialect}</prop>			
   		</props>
  	</property>
 </bean>
 
  
 <bean id="transactionManager" class="org.springframework.orm.hibernate3.HibernateTransactionManager">
 	<property name="sessionFactory" ref="sessionFactoryTest" />
 </bean>

 	<bean id="hibernateTemplateTest" class="org.springframework.orm.hibernate3.HibernateTemplate">
        <property name="sessionFactory" ref="sessionFactoryTest" />            
    </bean>

<!-- 	<bean id="hibernateParent" abstract="true"> -->
<!--         <property name="sessionFactory" ref="sessionFactoryTest" /> -->
<!--         <property name="hibernateTemplate" ref="hibernateTemplateTest" />     -->
<!-- 	</bean> -->
	
	<import resource="classpath:test-dao.xml" />
	
	<import resource="classpath:test-service.xml" />
 
<!--  <bean id="issueDAO" class="ar.com.urbanusjam.dao.impl.IssueDAOImpl" parent="hibernateParent"></bean> -->
 
 
 
</beans>